WhackAMoleApp/app/build/outputs/logs/manifest-merger-debug-report.txt
-- Merging decision tree log ---
manifest
ADDED from src\main\AndroidManifest.xml:2:1-72:12
INJECTED from src\main\AndroidManifest.xml:2:1-72:12
INJECTED from src\main\AndroidManifest.xml:2:1-72:12
INJECTED from src\main\AndroidManifest.xml:2:1-72:12
MERGED from [com.android.support:appcompat-v7:19.1.0] AndroidManifest.xml:16:1-20:12
INJECTED from src\main\AndroidManifest.xml:2:1-72:12
INJECTED from src\main\AndroidManifest.xml:2:1-72:12
INJECTED from src\main\AndroidManifest.xml:2:1-72:12
	package
		ADDED from src\main\AndroidManifest.xml:3:5-35
		INJECTED from src\main\AndroidManifest.xml
		INJECTED from src\main\AndroidManifest.xml
	android:versionName
		ADDED from src\main\AndroidManifest.xml:5:5-30
		INJECTED from src\main\AndroidManifest.xml
		INJECTED from src\main\AndroidManifest.xml
	xmlns:android
		ADDED from src\main\AndroidManifest.xml:2:11-69
	android:versionCode
		ADDED from src\main\AndroidManifest.xml:4:5-28
		INJECTED from src\main\AndroidManifest.xml
		INJECTED from src\main\AndroidManifest.xml
uses-sdk
ADDED from src\main\AndroidManifest.xml:7:5-9:41
INJECTED from src\main\AndroidManifest.xml:7:5-9:41
INJECTED from src\main\AndroidManifest.xml:7:5-9:41
MERGED from [com.android.support:appcompat-v7:19.1.0] AndroidManifest.xml:18:5-42
MERGED from [com.android.support:appcompat-v7:19.1.0] AndroidManifest.xml:18:5-42
INJECTED from src\main\AndroidManifest.xml:7:5-9:41
INJECTED from src\main\AndroidManifest.xml:7:5-9:41
	android:targetSdkVersion
		ADDED from src\main\AndroidManifest.xml:9:9-38
		INJECTED from src\main\AndroidManifest.xml
		INJECTED from src\main\AndroidManifest.xml
	android:minSdkVersion
		ADDED from src\main\AndroidManifest.xml:8:9-34
		INJECTED from src\main\AndroidManifest.xml
		INJECTED from src\main\AndroidManifest.xml
application
ADDED from src\main\AndroidManifest.xml:11:5-70:19
MERGED from [com.android.support:appcompat-v7:19.1.0] AndroidManifest.xml:19:5-20
MERGED from [com.android.support:appcompat-v7:19.1.0] AndroidManifest.xml:19:5-20
	android:label
		ADDED from src\main\AndroidManifest.xml:15:9-41
	android:icon
		ADDED from src\main\AndroidManifest.xml:14:9-38
	android:allowBackup
		ADDED from src\main\AndroidManifest.xml:13:9-35
	android:theme
		ADDED from src\main\AndroidManifest.xml:16:9-42
	android:name
		ADDED from src\main\AndroidManifest.xml:12:9-38
activity#com.dhamu.whackamole.SplashActivity
ADDED from src\main\AndroidManifest.xml:17:9-27:20
	android:screenOrientation
		ADDED from src\main\AndroidManifest.xml:21:13-49
	android:label
		ADDED from src\main\AndroidManifest.xml:20:13-45
	android:configChanges
		ADDED from src\main\AndroidManifest.xml:19:13-85
	android:name
		ADDED from src\main\AndroidManifest.xml:18:13-43
intent-filter#android.intent.action.MAIN+android.intent.category.LAUNCHER
ADDED from src\main\AndroidManifest.xml:22:13-26:29
action#android.intent.action.MAIN
ADDED from src\main\AndroidManifest.xml:23:17-69
	android:name
		ADDED from src\main\AndroidManifest.xml:23:25-66
category#android.intent.category.LAUNCHER
ADDED from src\main\AndroidManifest.xml:25:17-77
	android:name
		ADDED from src\main\AndroidManifest.xml:25:27-74
activity#com.dhamu.whackamole.MainActivity
ADDED from src\main\AndroidManifest.xml:28:9-33:20
	android:screenOrientation
		ADDED from src\main\AndroidManifest.xml:32:13-49
	android:label
		ADDED from src\main\AndroidManifest.xml:31:13-45
	android:configChanges
		ADDED from src\main\AndroidManifest.xml:30:13-85
	android:name
		ADDED from src\main\AndroidManifest.xml:29:13-41
activity#com.dhamu.whackamole.LeaderboardActivity
ADDED from src\main\AndroidManifest.xml:34:9-39:20
	android:screenOrientation
		ADDED from src\main\AndroidManifest.xml:38:13-49
	android:label
		ADDED from src\main\AndroidManifest.xml:37:13-63
	android:configChanges
		ADDED from src\main\AndroidManifest.xml:36:13-85
	android:name
		ADDED from src\main\AndroidManifest.xml:35:13-48
activity#com.dhamu.whackamole.PlayActivity
ADDED from src\main\AndroidManifest.xml:40:9-45:20
	android:screenOrientation
		ADDED from src\main\AndroidManifest.xml:44:13-49
	android:label
		ADDED from src\main\AndroidManifest.xml:43:13-56
	android:configChanges
		ADDED from src\main\AndroidManifest.xml:42:13-85
	android:name
		ADDED from src\main\AndroidManifest.xml:41:13-41
activity#com.dhamu.whackamole.RoundDisplayActivity
ADDED from src\main\AndroidManifest.xml:46:9-51:20
	android:screenOrientation
		ADDED from src\main\AndroidManifest.xml:50:13-49
	android:label
		ADDED from src\main\AndroidManifest.xml:49:13-65
	android:configChanges
		ADDED from src\main\AndroidManifest.xml:48:13-85
	android:name
		ADDED from src\main\AndroidManifest.xml:47:13-49
activity#com.dhamu.whackamole.GameOverActivity
ADDED from src\main\AndroidManifest.xml:52:9-57:20
	android:screenOrientation
		ADDED from src\main\AndroidManifest.xml:56:13-49
	android:label
		ADDED from src\main\AndroidManifest.xml:55:13-61
	android:configChanges
		ADDED from src\main\AndroidManifest.xml:54:13-85
	android:name
		ADDED from src\main\AndroidManifest.xml:53:13-45
activity#com.dhamu.whackamole.ScoreActivity
ADDED from src\main\AndroidManifest.xml:58:9-63:20
	android:screenOrientation
		ADDED from src\main\AndroidManifest.xml:62:13-49
	android:label
		ADDED from src\main\AndroidManifest.xml:61:13-57
	android:configChanges
		ADDED from src\main\AndroidManifest.xml:60:13-85
	android:name
		ADDED from src\main\AndroidManifest.xml:59:13-42
activity#com.dhamu.whackamole.CongratulationActivity
ADDED from src\main\AndroidManifest.xml:64:9-69:20
	android:screenOrientation
		ADDED from src\main\AndroidManifest.xml:68:13-49
	android:label
		ADDED from src\main\AndroidManifest.xml:67:13-66
	android:configChanges
		ADDED from src\main\AndroidManifest.xml:66:13-85
	android:name
		ADDED from src\main\AndroidManifest.xml:65:13-51